<?xml version="1.0" encoding="UTF-8"?>
<!-- Generated by org.testng.reporters.JUnitReportReporter -->
<testsuite skipped="0" hostname="PRO-IND-574" name="com.scripts.iHeart.CreateSalesOrderSmokeTest" tests="1" failures="0" timestamp="31 Jan 2020 11:36:14 GMT" time="0.011" errors="0">
  <testcase name="createOrderTest" time="0.011" classname="com.scripts.iHeart.CreateSalesOrderSmokeTest"/>
</testsuite> <!-- com.scripts.iHeart.CreateSalesOrderSmokeTest -->
