<?xml version="1.0" encoding="UTF-8"?>
<!-- Generated by org.testng.reporters.JUnitReportReporter -->
<testsuite skipped="0" hostname="PRO-IND-574" name="com.scripts.australia.CreateAustraliaeCommSalesOrder" tests="1" failures="0" timestamp="31 Jan 2020 12:06:29 GMT" time="125.938" errors="0">
  <testcase name="createOrderTest" time="125.938" classname="com.scripts.australia.CreateAustraliaeCommSalesOrder"/>
</testsuite> <!-- com.scripts.australia.CreateAustraliaeCommSalesOrder -->
